INFO  03:35:50 Application started. Press Ctrl+C to shut down.
INFO  03:35:50 Application started. Press Ctrl+C to shut down.
INFO  03:35:50 Hosting environment: Development
INFO  03:35:50 Hosting environment: Development
INFO  03:35:50 Content root path: C:\Users\vimal\Desktop\Simulation project\MovieTicketBooking
INFO  03:35:50 Content root path: C:\Users\vimal\Desktop\Simulation project\MovieTicketBooking
INFO  03:36:18 index method invoked
INFO  03:39:56 creat1 method invoked
INFO  03:39:56 index method invoked
INFO  03:40:17 token has generated
INFO  03:40:30 token has generated
INFO  03:40:47 index method invoked
INFO  03:40:53 token has generated
INFO  03:41:00 token has generated
INFO  03:41:16 index method invoked
INFO  09:57:28 Application started. Press Ctrl+C to shut down.
INFO  09:57:28 Application started. Press Ctrl+C to shut down.
INFO  09:57:28 Hosting environment: Development
INFO  09:57:28 Hosting environment: Development
INFO  09:57:28 Content root path: C:\Users\vimal\Desktop\Simulation project\MovieTicketBooking
INFO  09:57:28 Content root path: C:\Users\vimal\Desktop\Simulation project\MovieTicketBooking
INFO  09:57:42 index method invoked
INFO  09:58:06 token has generated
INFO  09:58:52 token has generated
INFO  09:59:05 index method invoked
INFO  09:59:15 token has generated
INFO  09:59:22 token has generated
INFO  09:59:47 index method invoked
INFO  09:59:50 token has generated
INFO  09:59:59 token has generated
INFO  01:29:18 Application started. Press Ctrl+C to shut down.
INFO  01:29:18 Application started. Press Ctrl+C to shut down.
INFO  01:29:18 Hosting environment: Development
INFO  01:29:18 Hosting environment: Development
INFO  01:29:18 Content root path: C:\Users\vimal\Desktop\Simulation project\MovieTicketBooking
INFO  01:29:18 Content root path: C:\Users\vimal\Desktop\Simulation project\MovieTicketBooking
INFO  01:29:50 index method invoked
INFO  01:35:26 token has generated
INFO  01:35:38 token has generated
INFO  01:41:09 index method invoked
INFO  01:41:14 token has generated
INFO  01:41:20 token has generated
INFO  01:43:55 index method invoked
INFO  01:44:00 token has generated
INFO  01:44:08 token has generated
INFO  01:44:29 index method invoked
INFO  01:44:38 token has generated
INFO  01:45:37 token has generated
INFO  01:46:13 index method invoked
INFO  10:49:00 Application started. Press Ctrl+C to shut down.
INFO  10:49:01 Application started. Press Ctrl+C to shut down.
INFO  10:49:01 Hosting environment: Development
INFO  10:49:01 Hosting environment: Development
INFO  10:49:01 Content root path: C:\Users\vimal\Desktop\Simulation project\MovieTicketBooking
INFO  10:49:01 Content root path: C:\Users\vimal\Desktop\Simulation project\MovieTicketBooking
INFO  10:49:26 index method invoked
INFO  10:51:05 Application started. Press Ctrl+C to shut down.
INFO  10:51:05 Application started. Press Ctrl+C to shut down.
INFO  10:51:05 Hosting environment: Development
INFO  10:51:05 Hosting environment: Development
INFO  10:51:05 Content root path: C:\Users\vimal\Desktop\Simulation project\MovieTicketBooking
INFO  10:51:05 Content root path: C:\Users\vimal\Desktop\Simulation project\MovieTicketBooking
INFO  10:51:10 index method invoked
INFO  10:52:09 index method invoked
INFO  10:54:18 index method invoked
INFO  11:11:32 Application started. Press Ctrl+C to shut down.
INFO  11:11:33 Application started. Press Ctrl+C to shut down.
INFO  11:11:33 Hosting environment: Development
INFO  11:11:33 Hosting environment: Development
INFO  11:11:33 Content root path: C:\Users\vimal\Desktop\Simulation project\MovieTicketBooking
INFO  11:11:33 Content root path: C:\Users\vimal\Desktop\Simulation project\MovieTicketBooking
INFO  11:11:40 index method invoked
INFO  04:16:39 Application started. Press Ctrl+C to shut down.
INFO  04:16:39 Application started. Press Ctrl+C to shut down.
INFO  04:16:40 Hosting environment: Development
INFO  04:16:40 Hosting environment: Development
INFO  04:16:41 Content root path: C:\Users\vimal\Desktop\Simulation project\MovieTicketBooking
INFO  04:16:41 Content root path: C:\Users\vimal\Desktop\Simulation project\MovieTicketBooking
INFO  04:17:58 index method invoked
INFO  04:18:09 index method invoked
INFO  04:18:32 index method invoked
INFO  04:18:43 token has generated
INFO  04:19:08 token has generated
INFO  04:29:05 Application started. Press Ctrl+C to shut down.
INFO  04:29:05 Application started. Press Ctrl+C to shut down.
INFO  04:29:05 Hosting environment: Development
INFO  04:29:05 Hosting environment: Development
INFO  04:29:05 Content root path: C:\Users\vimal\Desktop\Simulation project\MovieTicketBooking
INFO  04:29:05 Content root path: C:\Users\vimal\Desktop\Simulation project\MovieTicketBooking
INFO  04:29:11 index method invoked
INFO  04:29:24 token has generated
INFO  04:29:34 token has generated
INFO  04:29:48 index method invoked
