INFO  08:15:17 Application started. Press Ctrl+C to shut down.
INFO  08:15:17 Hosting environment: Development
INFO  08:15:17 Content root path: C:\Users\vimal\Desktop\Simulation project\MovieDetails
INFO  08:19:56 Application started. Press Ctrl+C to shut down.
INFO  08:19:56 Hosting environment: Development
INFO  08:19:56 Content root path: C:\Users\vimal\Desktop\Simulation project\MovieDetails
INFO  08:21:34 Application started. Press Ctrl+C to shut down.
INFO  08:21:34 Hosting environment: Development
INFO  08:21:34 Content root path: C:\Users\vimal\Desktop\Simulation project\MovieDetails
ERROR 08:21:37 Null Values
INFO  08:21:37 Token generated for user 
ERROR 08:45:05 Null Values
INFO  08:45:05 Token generated for user 
ERROR 09:42:19 Null Values
INFO  09:42:19 Token generated for user 
ERROR 09:48:54 Null Values
INFO  09:48:54 Token generated for user 
ERROR 09:49:00 Null Values
INFO  09:49:00 Token generated for user 
ERROR 09:56:59 Null Values
INFO  09:56:59 Token generated for user 
ERROR 09:57:22 Null Values
INFO  09:57:22 Token generated for user 
ERROR 09:58:19 Null Values
INFO  09:58:19 Token generated for user 
ERROR 09:59:30 Null Values
INFO  09:59:30 Token generated for user 
ERROR 09:59:38 Null Values
INFO  09:59:38 Token generated for user 
ERROR 12:55:19 Null Values
INFO  12:55:20 Token generated for user 
ERROR 01:14:27 Null Values
INFO  01:14:27 Token generated for user 
ERROR 01:16:09 Null Values
INFO  01:16:09 Token generated for user 
ERROR 01:22:14 Null Values
INFO  01:22:14 Token generated for user 
ERROR 01:22:26 Null Values
INFO  01:22:26 Token generated for user 
ERROR 01:24:42 Null Values
INFO  01:24:42 Token generated for user 
INFO  10:00:24 Application started. Press Ctrl+C to shut down.
INFO  10:00:24 Application started. Press Ctrl+C to shut down.
INFO  10:00:24 Hosting environment: Development
INFO  10:00:24 Hosting environment: Development
INFO  10:00:24 Content root path: C:\Users\vimal\Desktop\Simulation project\MovieDetails
INFO  10:00:24 Content root path: C:\Users\vimal\Desktop\Simulation project\MovieDetails
ERROR 10:00:54 get method invoked
INFO  12:38:18 Application started. Press Ctrl+C to shut down.
INFO  12:38:18 Application started. Press Ctrl+C to shut down.
INFO  12:38:18 Hosting environment: Development
INFO  12:38:18 Hosting environment: Development
INFO  12:38:18 Content root path: C:\Users\vimal\Desktop\Simulation project\MovieDetails
INFO  12:38:18 Content root path: C:\Users\vimal\Desktop\Simulation project\MovieDetails
ERROR 12:38:51 get method invoked
INFO  12:53:36 Application started. Press Ctrl+C to shut down.
INFO  12:53:36 Application started. Press Ctrl+C to shut down.
INFO  12:53:36 Hosting environment: Development
INFO  12:53:36 Hosting environment: Development
INFO  12:53:36 Content root path: C:\Users\vimal\Desktop\Simulation project\MovieDetails
INFO  12:53:36 Content root path: C:\Users\vimal\Desktop\Simulation project\MovieDetails
ERROR 12:54:11 get method invoked
INFO  12:59:09 Application started. Press Ctrl+C to shut down.
INFO  12:59:09 Application started. Press Ctrl+C to shut down.
INFO  12:59:09 Hosting environment: Development
INFO  12:59:09 Hosting environment: Development
INFO  12:59:09 Content root path: C:\Users\vimal\Desktop\Simulation project\MovieDetails
INFO  12:59:09 Content root path: C:\Users\vimal\Desktop\Simulation project\MovieDetails
ERROR 12:59:21 get method invoked
