INFO  01:59:23 Application started. Press Ctrl+C to shut down.
INFO  01:59:23 Application started. Press Ctrl+C to shut down.
INFO  01:59:23 Hosting environment: Development
INFO  01:59:23 Hosting environment: Development
INFO  01:59:23 Content root path: C:\Users\vimal\Desktop\Simulation project\UserApi
INFO  01:59:23 Content root path: C:\Users\vimal\Desktop\Simulation project\UserApi
INFO  03:35:50 Application started. Press Ctrl+C to shut down.
INFO  03:35:50 Application started. Press Ctrl+C to shut down.
INFO  03:35:50 Hosting environment: Development
INFO  03:35:50 Hosting environment: Development
INFO  03:35:50 Content root path: C:\Users\vimal\Desktop\Simulation project\UserApi
INFO  03:35:50 Content root path: C:\Users\vimal\Desktop\Simulation project\UserApi
INFO  03:40:26 get method invoked
INFO  03:41:00 get method invoked
INFO  09:57:27 Application started. Press Ctrl+C to shut down.
INFO  09:57:27 Application started. Press Ctrl+C to shut down.
INFO  09:57:28 Hosting environment: Development
INFO  09:57:28 Hosting environment: Development
INFO  09:57:28 Content root path: C:\Users\vimal\Desktop\Simulation project\UserApi
INFO  09:57:28 Content root path: C:\Users\vimal\Desktop\Simulation project\UserApi
INFO  09:58:14 get method invoked
INFO  09:58:41 post method invoked
INFO  09:58:50 get method invoked
INFO  09:59:22 get method invoked
INFO  09:59:59 get method invoked
INFO  01:29:14 Application started. Press Ctrl+C to shut down.
INFO  01:29:14 Application started. Press Ctrl+C to shut down.
INFO  01:29:15 Hosting environment: Development
INFO  01:29:15 Hosting environment: Development
INFO  01:29:15 Content root path: C:\Users\vimal\Desktop\Simulation project\UserApi
INFO  01:29:15 Content root path: C:\Users\vimal\Desktop\Simulation project\UserApi
INFO  01:35:35 get method invoked
INFO  01:41:20 get method invoked
INFO  01:44:08 get method invoked
INFO  01:44:49 get method invoked
INFO  01:45:30 post method invoked
INFO  01:45:37 get method invoked
INFO  10:49:01 Application started. Press Ctrl+C to shut down.
INFO  10:49:01 Application started. Press Ctrl+C to shut down.
INFO  10:49:01 Hosting environment: Development
INFO  10:49:01 Hosting environment: Development
INFO  10:49:01 Content root path: C:\Users\vimal\Desktop\Simulation project\UserApi
INFO  10:49:01 Content root path: C:\Users\vimal\Desktop\Simulation project\UserApi
INFO  11:11:30 Application started. Press Ctrl+C to shut down.
INFO  11:11:30 Application started. Press Ctrl+C to shut down.
INFO  11:11:31 Hosting environment: Development
INFO  11:11:31 Hosting environment: Development
INFO  11:11:31 Content root path: C:\Users\vimal\Desktop\Simulation project\UserApi
INFO  11:11:31 Content root path: C:\Users\vimal\Desktop\Simulation project\UserApi
INFO  04:16:15 Application started. Press Ctrl+C to shut down.
INFO  04:16:16 Application started. Press Ctrl+C to shut down.
INFO  04:16:19 Hosting environment: Development
INFO  04:16:19 Hosting environment: Development
INFO  04:16:20 Content root path: C:\Users\vimal\Desktop\Simulation project\UserApi
INFO  04:16:20 Content root path: C:\Users\vimal\Desktop\Simulation project\UserApi
INFO  04:19:05 get method invoked
INFO  04:29:07 Application started. Press Ctrl+C to shut down.
INFO  04:29:07 Application started. Press Ctrl+C to shut down.
INFO  04:29:07 Hosting environment: Development
INFO  04:29:07 Hosting environment: Development
INFO  04:29:07 Content root path: C:\Users\vimal\Desktop\Simulation project\UserApi
INFO  04:29:07 Content root path: C:\Users\vimal\Desktop\Simulation project\UserApi
INFO  04:29:31 get method invoked
INFO  09:10:30 Application started. Press Ctrl+C to shut down.
INFO  09:10:30 Application started. Press Ctrl+C to shut down.
INFO  09:10:30 Hosting environment: Development
INFO  09:10:30 Hosting environment: Development
INFO  09:10:30 Content root path: C:\Users\vimal\Desktop\Simulation project\UserApi
INFO  09:10:30 Content root path: C:\Users\vimal\Desktop\Simulation project\UserApi
INFO  09:17:01 get method invoked
